C:\USERS\TEMEL\DOCUMENTS\VISUAL STUDIO 2012\PROJECTS\OYUN\OYUN\DEBUG\ENEMY.CPP.NATIVECODEANALYSIS.XML
C:\USERS\TEMEL\DOCUMENTS\VISUAL STUDIO 2012\PROJECTS\OYUN\OYUN\DEBUG\ENEMY.OBJ
C:\USERS\TEMEL\DOCUMENTS\VISUAL STUDIO 2012\PROJECTS\OYUN\OYUN\DEBUG\VC110.PDB
C:\USERS\TEMEL\DOCUMENTS\VISUAL STUDIO 2012\PROJECTS\OYUN\OYUN\DEBUG\FONTS.CPP.NATIVECODEANALYSIS.XML
C:\USERS\TEMEL\DOCUMENTS\VISUAL STUDIO 2012\PROJECTS\OYUN\OYUN\DEBUG\EVENTS.CPP.NATIVECODEANALYSIS.XML
C:\USERS\TEMEL\DOCUMENTS\VISUAL STUDIO 2012\PROJECTS\OYUN\OYUN\DEBUG\EVENTS.OBJ
C:\USERS\TEMEL\DOCUMENTS\VISUAL STUDIO 2012\PROJECTS\OYUN\OYUN\DEBUG\GAME.CPP.NATIVECODEANALYSIS.XML
C:\USERS\TEMEL\DOCUMENTS\VISUAL STUDIO 2012\PROJECTS\OYUN\OYUN\DEBUG\GAME.OBJ
C:\USERS\TEMEL\DOCUMENTS\VISUAL STUDIO 2012\PROJECTS\OYUN\OYUN\DEBUG\INVENTORY.CPP.NATIVECODEANALYSIS.XML
C:\USERS\TEMEL\DOCUMENTS\VISUAL STUDIO 2012\PROJECTS\OYUN\OYUN\DEBUG\ITEMS.CPP.NATIVECODEANALYSIS.XML
C:\USERS\TEMEL\DOCUMENTS\VISUAL STUDIO 2012\PROJECTS\OYUN\OYUN\DEBUG\ITEMS.OBJ
C:\USERS\TEMEL\DOCUMENTS\VISUAL STUDIO 2012\PROJECTS\OYUN\OYUN\DEBUG\MAIN.CPP.NATIVECODEANALYSIS.XML
C:\USERS\TEMEL\DOCUMENTS\VISUAL STUDIO 2012\PROJECTS\OYUN\OYUN\DEBUG\MAIN.OBJ
C:\USERS\TEMEL\DOCUMENTS\VISUAL STUDIO 2012\PROJECTS\OYUN\OYUN\DEBUG\MENU.CPP.NATIVECODEANALYSIS.XML
C:\USERS\TEMEL\DOCUMENTS\VISUAL STUDIO 2012\PROJECTS\OYUN\OYUN\DEBUG\MENU.OBJ
C:\USERS\TEMEL\DOCUMENTS\VISUAL STUDIO 2012\PROJECTS\OYUN\OYUN\DEBUG\PLAYER.CPP.NATIVECODEANALYSIS.XML
C:\USERS\TEMEL\DOCUMENTS\VISUAL STUDIO 2012\PROJECTS\OYUN\OYUN\DEBUG\RENDER.CPP.NATIVECODEANALYSIS.XML
C:\USERS\TEMEL\DOCUMENTS\VISUAL STUDIO 2012\PROJECTS\OYUN\OYUN\DEBUG\RENDER.OBJ
C:\USERS\TEMEL\DOCUMENTS\VISUAL STUDIO 2012\PROJECTS\OYUN\OYUN\DEBUG\SOUNDS.CPP.NATIVECODEANALYSIS.XML
C:\USERS\TEMEL\DOCUMENTS\VISUAL STUDIO 2012\PROJECTS\OYUN\OYUN\DEBUG\TEXTURE.CPP.NATIVECODEANALYSIS.XML
C:\USERS\TEMEL\DOCUMENTS\VISUAL STUDIO 2012\PROJECTS\OYUN\OYUN\DEBUG\TEXTURE.OBJ
C:\USERS\TEMEL\DOCUMENTS\VISUAL STUDIO 2012\PROJECTS\OYUN\OYUN\DEBUG\TIMER.CPP.NATIVECODEANALYSIS.XML
C:\USERS\TEMEL\DOCUMENTS\VISUAL STUDIO 2012\PROJECTS\OYUN\OYUN\DEBUG\TIMER.OBJ
C:\USERS\TEMEL\DOCUMENTS\VISUAL STUDIO 2012\PROJECTS\OYUN\OYUN\DEBUG\WINDOW.CPP.NATIVECODEANALYSIS.XML
C:\USERS\TEMEL\DOCUMENTS\VISUAL STUDIO 2012\PROJECTS\OYUN\OYUN\DEBUG\WINDOW.OBJ
C:\USERS\TEMEL\DOCUMENTS\VISUAL STUDIO 2012\PROJECTS\OYUN\OYUN\DEBUG\FONTS.OBJ
C:\USERS\TEMEL\DOCUMENTS\VISUAL STUDIO 2012\PROJECTS\OYUN\OYUN\DEBUG\INVENTORY.OBJ
C:\USERS\TEMEL\DOCUMENTS\VISUAL STUDIO 2012\PROJECTS\OYUN\OYUN\DEBUG\PLAYER.OBJ
C:\USERS\TEMEL\DOCUMENTS\VISUAL STUDIO 2012\PROJECTS\OYUN\OYUN\DEBUG\SOUNDS.OBJ
C:\USERS\TEMEL\DOCUMENTS\VISUAL STUDIO 2012\PROJECTS\OYUN\OYUN\DEBUG\ANIMATION.OBJ
C:\USERS\TEMEL\DOCUMENTS\VISUAL STUDIO 2012\PROJECTS\OYUN\DEBUG\MY FINAL PROJECT.ILK
C:\USERS\TEMEL\DOCUMENTS\VISUAL STUDIO 2012\PROJECTS\OYUN\DEBUG\MY FINAL PROJECT.EXE
C:\USERS\TEMEL\DOCUMENTS\VISUAL STUDIO 2012\PROJECTS\OYUN\DEBUG\MY FINAL PROJECT.PDB
C:\Users\TEMEL\Documents\Visual Studio 2012\Projects\Oyun\Oyun\Debug\Animation.obj
C:\Users\TEMEL\Documents\Visual Studio 2012\Projects\Oyun\Oyun\Debug\Enemy.obj
C:\Users\TEMEL\Documents\Visual Studio 2012\Projects\Oyun\Oyun\Debug\Events.obj
C:\Users\TEMEL\Documents\Visual Studio 2012\Projects\Oyun\Oyun\Debug\Fonts.obj
C:\Users\TEMEL\Documents\Visual Studio 2012\Projects\Oyun\Oyun\Debug\Game.obj
C:\Users\TEMEL\Documents\Visual Studio 2012\Projects\Oyun\Oyun\Debug\Inventory.obj
C:\Users\TEMEL\Documents\Visual Studio 2012\Projects\Oyun\Oyun\Debug\Items.obj
C:\Users\TEMEL\Documents\Visual Studio 2012\Projects\Oyun\Oyun\Debug\Main.obj
C:\Users\TEMEL\Documents\Visual Studio 2012\Projects\Oyun\Oyun\Debug\Menu.obj
C:\Users\TEMEL\Documents\Visual Studio 2012\Projects\Oyun\Oyun\Debug\Player.obj
C:\Users\TEMEL\Documents\Visual Studio 2012\Projects\Oyun\Oyun\Debug\Render.obj
C:\Users\TEMEL\Documents\Visual Studio 2012\Projects\Oyun\Oyun\Debug\Sounds.obj
C:\Users\TEMEL\Documents\Visual Studio 2012\Projects\Oyun\Oyun\Debug\Texture.obj
C:\Users\TEMEL\Documents\Visual Studio 2012\Projects\Oyun\Oyun\Debug\Timer.obj
C:\Users\TEMEL\Documents\Visual Studio 2012\Projects\Oyun\Oyun\Debug\Window.obj
C:\Users\TEMEL\Documents\Visual Studio 2012\Projects\Oyun\Oyun\Debug\cl.command.1.tlog
C:\Users\TEMEL\Documents\Visual Studio 2012\Projects\Oyun\Oyun\Debug\CL.read.1.tlog
C:\Users\TEMEL\Documents\Visual Studio 2012\Projects\Oyun\Oyun\Debug\CL.write.1.tlog
C:\Users\TEMEL\Documents\Visual Studio 2012\Projects\Oyun\Oyun\Debug\link-cvtres.read.1.tlog
C:\Users\TEMEL\Documents\Visual Studio 2012\Projects\Oyun\Oyun\Debug\link-cvtres.write.1.tlog
C:\Users\TEMEL\Documents\Visual Studio 2012\Projects\Oyun\Oyun\Debug\link-rc.read.1.tlog
C:\Users\TEMEL\Documents\Visual Studio 2012\Projects\Oyun\Oyun\Debug\link-rc.write.1.tlog
C:\Users\TEMEL\Documents\Visual Studio 2012\Projects\Oyun\Oyun\Debug\link.1952-cvtres.read.1.tlog
C:\Users\TEMEL\Documents\Visual Studio 2012\Projects\Oyun\Oyun\Debug\link.1952-cvtres.write.1.tlog
C:\Users\TEMEL\Documents\Visual Studio 2012\Projects\Oyun\Oyun\Debug\link.1952-rc.read.1.tlog
C:\Users\TEMEL\Documents\Visual Studio 2012\Projects\Oyun\Oyun\Debug\link.1952-rc.write.1.tlog
C:\Users\TEMEL\Documents\Visual Studio 2012\Projects\Oyun\Oyun\Debug\link.1952.read.1.tlog
C:\Users\TEMEL\Documents\Visual Studio 2012\Projects\Oyun\Oyun\Debug\link.1952.write.1.tlog
C:\Users\TEMEL\Documents\Visual Studio 2012\Projects\Oyun\Oyun\Debug\link.1964-cvtres.read.1.tlog
C:\Users\TEMEL\Documents\Visual Studio 2012\Projects\Oyun\Oyun\Debug\link.1964-cvtres.write.1.tlog
C:\Users\TEMEL\Documents\Visual Studio 2012\Projects\Oyun\Oyun\Debug\link.1964-rc.read.1.tlog
C:\Users\TEMEL\Documents\Visual Studio 2012\Projects\Oyun\Oyun\Debug\link.1964-rc.write.1.tlog
C:\Users\TEMEL\Documents\Visual Studio 2012\Projects\Oyun\Oyun\Debug\link.1964.read.1.tlog
C:\Users\TEMEL\Documents\Visual Studio 2012\Projects\Oyun\Oyun\Debug\link.1964.write.1.tlog
C:\Users\TEMEL\Documents\Visual Studio 2012\Projects\Oyun\Oyun\Debug\link.2224-cvtres.read.1.tlog
C:\Users\TEMEL\Documents\Visual Studio 2012\Projects\Oyun\Oyun\Debug\link.2224-cvtres.write.1.tlog
C:\Users\TEMEL\Documents\Visual Studio 2012\Projects\Oyun\Oyun\Debug\link.2224-rc.read.1.tlog
C:\Users\TEMEL\Documents\Visual Studio 2012\Projects\Oyun\Oyun\Debug\link.2224-rc.write.1.tlog
C:\Users\TEMEL\Documents\Visual Studio 2012\Projects\Oyun\Oyun\Debug\link.2224.read.1.tlog
C:\Users\TEMEL\Documents\Visual Studio 2012\Projects\Oyun\Oyun\Debug\link.2224.write.1.tlog
C:\Users\TEMEL\Documents\Visual Studio 2012\Projects\Oyun\Oyun\Debug\link.2304-cvtres.read.1.tlog
C:\Users\TEMEL\Documents\Visual Studio 2012\Projects\Oyun\Oyun\Debug\link.2304-cvtres.write.1.tlog
C:\Users\TEMEL\Documents\Visual Studio 2012\Projects\Oyun\Oyun\Debug\link.2304-rc.read.1.tlog
C:\Users\TEMEL\Documents\Visual Studio 2012\Projects\Oyun\Oyun\Debug\link.2304-rc.write.1.tlog
C:\Users\TEMEL\Documents\Visual Studio 2012\Projects\Oyun\Oyun\Debug\link.2304.read.1.tlog
C:\Users\TEMEL\Documents\Visual Studio 2012\Projects\Oyun\Oyun\Debug\link.2304.write.1.tlog
C:\Users\TEMEL\Documents\Visual Studio 2012\Projects\Oyun\Oyun\Debug\link.2352-cvtres.read.1.tlog
C:\Users\TEMEL\Documents\Visual Studio 2012\Projects\Oyun\Oyun\Debug\link.2352-cvtres.write.1.tlog
C:\Users\TEMEL\Documents\Visual Studio 2012\Projects\Oyun\Oyun\Debug\link.2352-rc.read.1.tlog
C:\Users\TEMEL\Documents\Visual Studio 2012\Projects\Oyun\Oyun\Debug\link.2352-rc.write.1.tlog
C:\Users\TEMEL\Documents\Visual Studio 2012\Projects\Oyun\Oyun\Debug\link.2352.read.1.tlog
C:\Users\TEMEL\Documents\Visual Studio 2012\Projects\Oyun\Oyun\Debug\link.2352.write.1.tlog
C:\Users\TEMEL\Documents\Visual Studio 2012\Projects\Oyun\Oyun\Debug\link.2364-cvtres.read.1.tlog
C:\Users\TEMEL\Documents\Visual Studio 2012\Projects\Oyun\Oyun\Debug\link.2364-cvtres.write.1.tlog
C:\Users\TEMEL\Documents\Visual Studio 2012\Projects\Oyun\Oyun\Debug\link.2364-rc.read.1.tlog
C:\Users\TEMEL\Documents\Visual Studio 2012\Projects\Oyun\Oyun\Debug\link.2364-rc.write.1.tlog
C:\Users\TEMEL\Documents\Visual Studio 2012\Projects\Oyun\Oyun\Debug\link.2364.read.1.tlog
C:\Users\TEMEL\Documents\Visual Studio 2012\Projects\Oyun\Oyun\Debug\link.2364.write.1.tlog
C:\Users\TEMEL\Documents\Visual Studio 2012\Projects\Oyun\Oyun\Debug\link.3388-cvtres.read.1.tlog
C:\Users\TEMEL\Documents\Visual Studio 2012\Projects\Oyun\Oyun\Debug\link.3388-cvtres.write.1.tlog
C:\Users\TEMEL\Documents\Visual Studio 2012\Projects\Oyun\Oyun\Debug\link.3388-rc.read.1.tlog
C:\Users\TEMEL\Documents\Visual Studio 2012\Projects\Oyun\Oyun\Debug\link.3388-rc.write.1.tlog
C:\Users\TEMEL\Documents\Visual Studio 2012\Projects\Oyun\Oyun\Debug\link.3388.read.1.tlog
C:\Users\TEMEL\Documents\Visual Studio 2012\Projects\Oyun\Oyun\Debug\link.3388.write.1.tlog
C:\Users\TEMEL\Documents\Visual Studio 2012\Projects\Oyun\Oyun\Debug\link.3592-cvtres.read.1.tlog
C:\Users\TEMEL\Documents\Visual Studio 2012\Projects\Oyun\Oyun\Debug\link.3592-cvtres.write.1.tlog
C:\Users\TEMEL\Documents\Visual Studio 2012\Projects\Oyun\Oyun\Debug\link.3592-rc.read.1.tlog
C:\Users\TEMEL\Documents\Visual Studio 2012\Projects\Oyun\Oyun\Debug\link.3592-rc.write.1.tlog
C:\Users\TEMEL\Documents\Visual Studio 2012\Projects\Oyun\Oyun\Debug\link.3592.read.1.tlog
C:\Users\TEMEL\Documents\Visual Studio 2012\Projects\Oyun\Oyun\Debug\link.3592.write.1.tlog
C:\Users\TEMEL\Documents\Visual Studio 2012\Projects\Oyun\Oyun\Debug\link.5324-cvtres.read.1.tlog
C:\Users\TEMEL\Documents\Visual Studio 2012\Projects\Oyun\Oyun\Debug\link.5324-cvtres.write.1.tlog
C:\Users\TEMEL\Documents\Visual Studio 2012\Projects\Oyun\Oyun\Debug\link.5324-rc.read.1.tlog
C:\Users\TEMEL\Documents\Visual Studio 2012\Projects\Oyun\Oyun\Debug\link.5324-rc.write.1.tlog
C:\Users\TEMEL\Documents\Visual Studio 2012\Projects\Oyun\Oyun\Debug\link.5324.read.1.tlog
C:\Users\TEMEL\Documents\Visual Studio 2012\Projects\Oyun\Oyun\Debug\link.5324.write.1.tlog
C:\Users\TEMEL\Documents\Visual Studio 2012\Projects\Oyun\Oyun\Debug\link.5472-cvtres.read.1.tlog
C:\Users\TEMEL\Documents\Visual Studio 2012\Projects\Oyun\Oyun\Debug\link.5472-cvtres.write.1.tlog
C:\Users\TEMEL\Documents\Visual Studio 2012\Projects\Oyun\Oyun\Debug\link.5472-rc.read.1.tlog
C:\Users\TEMEL\Documents\Visual Studio 2012\Projects\Oyun\Oyun\Debug\link.5472-rc.write.1.tlog
C:\Users\TEMEL\Documents\Visual Studio 2012\Projects\Oyun\Oyun\Debug\link.5472.read.1.tlog
C:\Users\TEMEL\Documents\Visual Studio 2012\Projects\Oyun\Oyun\Debug\link.5472.write.1.tlog
C:\Users\TEMEL\Documents\Visual Studio 2012\Projects\Oyun\Oyun\Debug\link.5712-cvtres.read.1.tlog
C:\Users\TEMEL\Documents\Visual Studio 2012\Projects\Oyun\Oyun\Debug\link.5712-cvtres.write.1.tlog
C:\Users\TEMEL\Documents\Visual Studio 2012\Projects\Oyun\Oyun\Debug\link.5712-rc.read.1.tlog
C:\Users\TEMEL\Documents\Visual Studio 2012\Projects\Oyun\Oyun\Debug\link.5712-rc.write.1.tlog
C:\Users\TEMEL\Documents\Visual Studio 2012\Projects\Oyun\Oyun\Debug\link.5712.read.1.tlog
C:\Users\TEMEL\Documents\Visual Studio 2012\Projects\Oyun\Oyun\Debug\link.5712.write.1.tlog
C:\Users\TEMEL\Documents\Visual Studio 2012\Projects\Oyun\Oyun\Debug\link.6216-cvtres.read.1.tlog
C:\Users\TEMEL\Documents\Visual Studio 2012\Projects\Oyun\Oyun\Debug\link.6216-cvtres.write.1.tlog
C:\Users\TEMEL\Documents\Visual Studio 2012\Projects\Oyun\Oyun\Debug\link.6216-rc.read.1.tlog
C:\Users\TEMEL\Documents\Visual Studio 2012\Projects\Oyun\Oyun\Debug\link.6216-rc.write.1.tlog
C:\Users\TEMEL\Documents\Visual Studio 2012\Projects\Oyun\Oyun\Debug\link.6216.read.1.tlog
C:\Users\TEMEL\Documents\Visual Studio 2012\Projects\Oyun\Oyun\Debug\link.6216.write.1.tlog
C:\Users\TEMEL\Documents\Visual Studio 2012\Projects\Oyun\Oyun\Debug\link.6236-cvtres.read.1.tlog
C:\Users\TEMEL\Documents\Visual Studio 2012\Projects\Oyun\Oyun\Debug\link.6236-cvtres.write.1.tlog
C:\Users\TEMEL\Documents\Visual Studio 2012\Projects\Oyun\Oyun\Debug\link.6236-rc.read.1.tlog
C:\Users\TEMEL\Documents\Visual Studio 2012\Projects\Oyun\Oyun\Debug\link.6236-rc.write.1.tlog
C:\Users\TEMEL\Documents\Visual Studio 2012\Projects\Oyun\Oyun\Debug\link.6236.read.1.tlog
C:\Users\TEMEL\Documents\Visual Studio 2012\Projects\Oyun\Oyun\Debug\link.6236.write.1.tlog
C:\Users\TEMEL\Documents\Visual Studio 2012\Projects\Oyun\Oyun\Debug\link.6324-cvtres.read.1.tlog
C:\Users\TEMEL\Documents\Visual Studio 2012\Projects\Oyun\Oyun\Debug\link.6324-cvtres.write.1.tlog
C:\Users\TEMEL\Documents\Visual Studio 2012\Projects\Oyun\Oyun\Debug\link.6324-rc.read.1.tlog
C:\Users\TEMEL\Documents\Visual Studio 2012\Projects\Oyun\Oyun\Debug\link.6324-rc.write.1.tlog
C:\Users\TEMEL\Documents\Visual Studio 2012\Projects\Oyun\Oyun\Debug\link.6324.read.1.tlog
C:\Users\TEMEL\Documents\Visual Studio 2012\Projects\Oyun\Oyun\Debug\link.6324.write.1.tlog
C:\Users\TEMEL\Documents\Visual Studio 2012\Projects\Oyun\Oyun\Debug\link.6464-cvtres.read.1.tlog
C:\Users\TEMEL\Documents\Visual Studio 2012\Projects\Oyun\Oyun\Debug\link.6464-cvtres.write.1.tlog
C:\Users\TEMEL\Documents\Visual Studio 2012\Projects\Oyun\Oyun\Debug\link.6464-rc.read.1.tlog
C:\Users\TEMEL\Documents\Visual Studio 2012\Projects\Oyun\Oyun\Debug\link.6464-rc.write.1.tlog
C:\Users\TEMEL\Documents\Visual Studio 2012\Projects\Oyun\Oyun\Debug\link.6464.read.1.tlog
C:\Users\TEMEL\Documents\Visual Studio 2012\Projects\Oyun\Oyun\Debug\link.6464.write.1.tlog
C:\Users\TEMEL\Documents\Visual Studio 2012\Projects\Oyun\Oyun\Debug\link.6532-cvtres.read.1.tlog
C:\Users\TEMEL\Documents\Visual Studio 2012\Projects\Oyun\Oyun\Debug\link.6532-cvtres.write.1.tlog
C:\Users\TEMEL\Documents\Visual Studio 2012\Projects\Oyun\Oyun\Debug\link.6532-rc.read.1.tlog
C:\Users\TEMEL\Documents\Visual Studio 2012\Projects\Oyun\Oyun\Debug\link.6532-rc.write.1.tlog
C:\Users\TEMEL\Documents\Visual Studio 2012\Projects\Oyun\Oyun\Debug\link.6532.read.1.tlog
C:\Users\TEMEL\Documents\Visual Studio 2012\Projects\Oyun\Oyun\Debug\link.6532.write.1.tlog
C:\Users\TEMEL\Documents\Visual Studio 2012\Projects\Oyun\Oyun\Debug\link.6756-cvtres.read.1.tlog
C:\Users\TEMEL\Documents\Visual Studio 2012\Projects\Oyun\Oyun\Debug\link.6756-cvtres.write.1.tlog
C:\Users\TEMEL\Documents\Visual Studio 2012\Projects\Oyun\Oyun\Debug\link.6756-rc.read.1.tlog
C:\Users\TEMEL\Documents\Visual Studio 2012\Projects\Oyun\Oyun\Debug\link.6756-rc.write.1.tlog
C:\Users\TEMEL\Documents\Visual Studio 2012\Projects\Oyun\Oyun\Debug\link.6756.read.1.tlog
C:\Users\TEMEL\Documents\Visual Studio 2012\Projects\Oyun\Oyun\Debug\link.6756.write.1.tlog
C:\Users\TEMEL\Documents\Visual Studio 2012\Projects\Oyun\Oyun\Debug\link.6828-cvtres.read.1.tlog
C:\Users\TEMEL\Documents\Visual Studio 2012\Projects\Oyun\Oyun\Debug\link.6828-cvtres.write.1.tlog
C:\Users\TEMEL\Documents\Visual Studio 2012\Projects\Oyun\Oyun\Debug\link.6828-rc.read.1.tlog
C:\Users\TEMEL\Documents\Visual Studio 2012\Projects\Oyun\Oyun\Debug\link.6828-rc.write.1.tlog
C:\Users\TEMEL\Documents\Visual Studio 2012\Projects\Oyun\Oyun\Debug\link.6828.read.1.tlog
C:\Users\TEMEL\Documents\Visual Studio 2012\Projects\Oyun\Oyun\Debug\link.6828.write.1.tlog
C:\Users\TEMEL\Documents\Visual Studio 2012\Projects\Oyun\Oyun\Debug\link.7772-cvtres.read.1.tlog
C:\Users\TEMEL\Documents\Visual Studio 2012\Projects\Oyun\Oyun\Debug\link.7772-cvtres.write.1.tlog
C:\Users\TEMEL\Documents\Visual Studio 2012\Projects\Oyun\Oyun\Debug\link.7772-rc.read.1.tlog
C:\Users\TEMEL\Documents\Visual Studio 2012\Projects\Oyun\Oyun\Debug\link.7772-rc.write.1.tlog
C:\Users\TEMEL\Documents\Visual Studio 2012\Projects\Oyun\Oyun\Debug\link.7772.read.1.tlog
C:\Users\TEMEL\Documents\Visual Studio 2012\Projects\Oyun\Oyun\Debug\link.7772.write.1.tlog
C:\Users\TEMEL\Documents\Visual Studio 2012\Projects\Oyun\Oyun\Debug\link.7860-cvtres.read.1.tlog
C:\Users\TEMEL\Documents\Visual Studio 2012\Projects\Oyun\Oyun\Debug\link.7860-cvtres.write.1.tlog
C:\Users\TEMEL\Documents\Visual Studio 2012\Projects\Oyun\Oyun\Debug\link.7860-rc.read.1.tlog
C:\Users\TEMEL\Documents\Visual Studio 2012\Projects\Oyun\Oyun\Debug\link.7860-rc.write.1.tlog
C:\Users\TEMEL\Documents\Visual Studio 2012\Projects\Oyun\Oyun\Debug\link.7860.read.1.tlog
C:\Users\TEMEL\Documents\Visual Studio 2012\Projects\Oyun\Oyun\Debug\link.7860.write.1.tlog
C:\Users\TEMEL\Documents\Visual Studio 2012\Projects\Oyun\Oyun\Debug\link.7896-cvtres.read.1.tlog
C:\Users\TEMEL\Documents\Visual Studio 2012\Projects\Oyun\Oyun\Debug\link.7896-cvtres.write.1.tlog
C:\Users\TEMEL\Documents\Visual Studio 2012\Projects\Oyun\Oyun\Debug\link.7896-rc.read.1.tlog
C:\Users\TEMEL\Documents\Visual Studio 2012\Projects\Oyun\Oyun\Debug\link.7896-rc.write.1.tlog
C:\Users\TEMEL\Documents\Visual Studio 2012\Projects\Oyun\Oyun\Debug\link.7896.read.1.tlog
C:\Users\TEMEL\Documents\Visual Studio 2012\Projects\Oyun\Oyun\Debug\link.7896.write.1.tlog
C:\Users\TEMEL\Documents\Visual Studio 2012\Projects\Oyun\Oyun\Debug\link.8144-cvtres.read.1.tlog
C:\Users\TEMEL\Documents\Visual Studio 2012\Projects\Oyun\Oyun\Debug\link.8144-cvtres.write.1.tlog
C:\Users\TEMEL\Documents\Visual Studio 2012\Projects\Oyun\Oyun\Debug\link.8144-rc.read.1.tlog
C:\Users\TEMEL\Documents\Visual Studio 2012\Projects\Oyun\Oyun\Debug\link.8144-rc.write.1.tlog
C:\Users\TEMEL\Documents\Visual Studio 2012\Projects\Oyun\Oyun\Debug\link.8144.read.1.tlog
C:\Users\TEMEL\Documents\Visual Studio 2012\Projects\Oyun\Oyun\Debug\link.8144.write.1.tlog
C:\Users\TEMEL\Documents\Visual Studio 2012\Projects\Oyun\Oyun\Debug\link.command.1.tlog
C:\Users\TEMEL\Documents\Visual Studio 2012\Projects\Oyun\Oyun\Debug\link.read.1.tlog
C:\Users\TEMEL\Documents\Visual Studio 2012\Projects\Oyun\Oyun\Debug\link.write.1.tlog
C:\Users\TEMEL\Documents\Visual Studio 2012\Projects\Oyun\Oyun\Debug\NativeCodeAnalysis.read.1.tlog
C:\Users\TEMEL\Documents\Visual Studio 2012\Projects\Oyun\Oyun\Debug\vc110.idb
C:\Users\TEMEL\Documents\Visual Studio 2012\Projects\Oyun\Oyun\Debug\vc110.pdb
C:\Users\TEMEL\Documents\Visual Studio 2012\Projects\Oyun\Oyun\Debug\Enemy.cpp.nativecodeanalysis.xml
C:\Users\TEMEL\Documents\Visual Studio 2012\Projects\Oyun\Oyun\Debug\Events.cpp.nativecodeanalysis.xml
C:\Users\TEMEL\Documents\Visual Studio 2012\Projects\Oyun\Oyun\Debug\Fonts.cpp.nativecodeanalysis.xml
C:\Users\TEMEL\Documents\Visual Studio 2012\Projects\Oyun\Oyun\Debug\Game.cpp.nativecodeanalysis.xml
C:\Users\TEMEL\Documents\Visual Studio 2012\Projects\Oyun\Oyun\Debug\Inventory.cpp.nativecodeanalysis.xml
C:\Users\TEMEL\Documents\Visual Studio 2012\Projects\Oyun\Oyun\Debug\Items.cpp.nativecodeanalysis.xml
C:\Users\TEMEL\Documents\Visual Studio 2012\Projects\Oyun\Oyun\Debug\Main.cpp.nativecodeanalysis.xml
C:\Users\TEMEL\Documents\Visual Studio 2012\Projects\Oyun\Oyun\Debug\Menu.cpp.nativecodeanalysis.xml
C:\Users\TEMEL\Documents\Visual Studio 2012\Projects\Oyun\Oyun\Debug\Player.cpp.nativecodeanalysis.xml
C:\Users\TEMEL\Documents\Visual Studio 2012\Projects\Oyun\Oyun\Debug\Render.cpp.nativecodeanalysis.xml
C:\Users\TEMEL\Documents\Visual Studio 2012\Projects\Oyun\Oyun\Debug\Sounds.cpp.nativecodeanalysis.xml
C:\Users\TEMEL\Documents\Visual Studio 2012\Projects\Oyun\Oyun\Debug\Texture.cpp.nativecodeanalysis.xml
C:\Users\TEMEL\Documents\Visual Studio 2012\Projects\Oyun\Oyun\Debug\Timer.cpp.nativecodeanalysis.xml
C:\Users\TEMEL\Documents\Visual Studio 2012\Projects\Oyun\Oyun\Debug\vc.nativecodeanalysis.all.xml
C:\Users\TEMEL\Documents\Visual Studio 2012\Projects\Oyun\Oyun\Debug\Window.cpp.nativecodeanalysis.xml
C:\Users\TEMEL\Documents\Visual Studio 2012\Projects\Oyun\Debug\My Final Project.pdb
C:\Users\TEMEL\Documents\Visual Studio 2012\Projects\Oyun\Debug\My Final Project.exe
C:\Users\TEMEL\Documents\Visual Studio 2012\Projects\Oyun\Debug\My Final Project.ilk
C:\Users\TEMEL\Documents\Visual Studio 2012\Projects\Oyun\Debug\My Final Project.exe.lastcodeanalysissucceeded
