C:\USERS\TEMEL\DOCUMENTS\VISUAL STUDIO 2012\PROJECTS\OYUN\OYUN\DEBUG\ENEMY.OBJ
C:\USERS\TEMEL\DOCUMENTS\VISUAL STUDIO 2012\PROJECTS\OYUN\OYUN\DEBUG\FONTS.OBJ
C:\USERS\TEMEL\DOCUMENTS\VISUAL STUDIO 2012\PROJECTS\OYUN\OYUN\DEBUG\EVENTS.OBJ
C:\USERS\TEMEL\DOCUMENTS\VISUAL STUDIO 2012\PROJECTS\OYUN\OYUN\DEBUG\GAME.OBJ
C:\USERS\TEMEL\DOCUMENTS\VISUAL STUDIO 2012\PROJECTS\OYUN\OYUN\DEBUG\INVENTORY.OBJ
C:\USERS\TEMEL\DOCUMENTS\VISUAL STUDIO 2012\PROJECTS\OYUN\OYUN\DEBUG\ITEMS.OBJ
C:\USERS\TEMEL\DOCUMENTS\VISUAL STUDIO 2012\PROJECTS\OYUN\OYUN\DEBUG\MAIN.OBJ
C:\USERS\TEMEL\DOCUMENTS\VISUAL STUDIO 2012\PROJECTS\OYUN\OYUN\DEBUG\MENU.OBJ
C:\USERS\TEMEL\DOCUMENTS\VISUAL STUDIO 2012\PROJECTS\OYUN\OYUN\DEBUG\PLAYER.OBJ
C:\USERS\TEMEL\DOCUMENTS\VISUAL STUDIO 2012\PROJECTS\OYUN\OYUN\DEBUG\RENDER.OBJ
C:\USERS\TEMEL\DOCUMENTS\VISUAL STUDIO 2012\PROJECTS\OYUN\OYUN\DEBUG\SOUNDS.OBJ
C:\USERS\TEMEL\DOCUMENTS\VISUAL STUDIO 2012\PROJECTS\OYUN\OYUN\DEBUG\TEXTURE.OBJ
C:\USERS\TEMEL\DOCUMENTS\VISUAL STUDIO 2012\PROJECTS\OYUN\OYUN\DEBUG\TIMER.OBJ
C:\USERS\TEMEL\DOCUMENTS\VISUAL STUDIO 2012\PROJECTS\OYUN\OYUN\DEBUG\WINDOW.OBJ
C:\USERS\TEMEL\DOCUMENTS\VISUAL STUDIO 2012\PROJECTS\OYUN\OYUN\DEBUG\VC110.PDB
C:\USERS\TEMEL\DOCUMENTS\VISUAL STUDIO 2012\PROJECTS\OYUN\DEBUG\OYUN.ILK
C:\USERS\TEMEL\DOCUMENTS\VISUAL STUDIO 2012\PROJECTS\OYUN\DEBUG\OYUN.EXE
C:\USERS\TEMEL\DOCUMENTS\VISUAL STUDIO 2012\PROJECTS\OYUN\DEBUG\OYUN.PDB
C:\Users\TEMEL\Documents\Visual Studio 2012\Projects\Oyun\Oyun\Debug\Enemy.obj
C:\Users\TEMEL\Documents\Visual Studio 2012\Projects\Oyun\Oyun\Debug\Events.obj
C:\Users\TEMEL\Documents\Visual Studio 2012\Projects\Oyun\Oyun\Debug\Fonts.obj
C:\Users\TEMEL\Documents\Visual Studio 2012\Projects\Oyun\Oyun\Debug\Game.obj
C:\Users\TEMEL\Documents\Visual Studio 2012\Projects\Oyun\Oyun\Debug\Inventory.obj
C:\Users\TEMEL\Documents\Visual Studio 2012\Projects\Oyun\Oyun\Debug\Items.obj
C:\Users\TEMEL\Documents\Visual Studio 2012\Projects\Oyun\Oyun\Debug\Main.obj
C:\Users\TEMEL\Documents\Visual Studio 2012\Projects\Oyun\Oyun\Debug\Menu.obj
C:\Users\TEMEL\Documents\Visual Studio 2012\Projects\Oyun\Oyun\Debug\Player.obj
C:\Users\TEMEL\Documents\Visual Studio 2012\Projects\Oyun\Oyun\Debug\Render.obj
C:\Users\TEMEL\Documents\Visual Studio 2012\Projects\Oyun\Oyun\Debug\Sounds.obj
C:\Users\TEMEL\Documents\Visual Studio 2012\Projects\Oyun\Oyun\Debug\Texture.obj
C:\Users\TEMEL\Documents\Visual Studio 2012\Projects\Oyun\Oyun\Debug\Timer.obj
C:\Users\TEMEL\Documents\Visual Studio 2012\Projects\Oyun\Oyun\Debug\Window.obj
C:\Users\TEMEL\Documents\Visual Studio 2012\Projects\Oyun\Oyun\Debug\cl.command.1.tlog
C:\Users\TEMEL\Documents\Visual Studio 2012\Projects\Oyun\Oyun\Debug\CL.read.1.tlog
C:\Users\TEMEL\Documents\Visual Studio 2012\Projects\Oyun\Oyun\Debug\CL.write.1.tlog
C:\Users\TEMEL\Documents\Visual Studio 2012\Projects\Oyun\Oyun\Debug\link-cvtres.read.1.tlog
C:\Users\TEMEL\Documents\Visual Studio 2012\Projects\Oyun\Oyun\Debug\link-cvtres.write.1.tlog
C:\Users\TEMEL\Documents\Visual Studio 2012\Projects\Oyun\Oyun\Debug\link-rc.read.1.tlog
C:\Users\TEMEL\Documents\Visual Studio 2012\Projects\Oyun\Oyun\Debug\link-rc.write.1.tlog
C:\Users\TEMEL\Documents\Visual Studio 2012\Projects\Oyun\Oyun\Debug\link.5328-cvtres.read.1.tlog
C:\Users\TEMEL\Documents\Visual Studio 2012\Projects\Oyun\Oyun\Debug\link.5328-cvtres.write.1.tlog
C:\Users\TEMEL\Documents\Visual Studio 2012\Projects\Oyun\Oyun\Debug\link.5328-rc.read.1.tlog
C:\Users\TEMEL\Documents\Visual Studio 2012\Projects\Oyun\Oyun\Debug\link.5328-rc.write.1.tlog
C:\Users\TEMEL\Documents\Visual Studio 2012\Projects\Oyun\Oyun\Debug\link.5328.read.1.tlog
C:\Users\TEMEL\Documents\Visual Studio 2012\Projects\Oyun\Oyun\Debug\link.5328.write.1.tlog
C:\Users\TEMEL\Documents\Visual Studio 2012\Projects\Oyun\Oyun\Debug\link.7064-cvtres.read.1.tlog
C:\Users\TEMEL\Documents\Visual Studio 2012\Projects\Oyun\Oyun\Debug\link.7064-cvtres.write.1.tlog
C:\Users\TEMEL\Documents\Visual Studio 2012\Projects\Oyun\Oyun\Debug\link.7064-rc.read.1.tlog
C:\Users\TEMEL\Documents\Visual Studio 2012\Projects\Oyun\Oyun\Debug\link.7064-rc.write.1.tlog
C:\Users\TEMEL\Documents\Visual Studio 2012\Projects\Oyun\Oyun\Debug\link.7064.read.1.tlog
C:\Users\TEMEL\Documents\Visual Studio 2012\Projects\Oyun\Oyun\Debug\link.7064.write.1.tlog
C:\Users\TEMEL\Documents\Visual Studio 2012\Projects\Oyun\Oyun\Debug\link.command.1.tlog
C:\Users\TEMEL\Documents\Visual Studio 2012\Projects\Oyun\Oyun\Debug\link.read.1.tlog
C:\Users\TEMEL\Documents\Visual Studio 2012\Projects\Oyun\Oyun\Debug\link.write.1.tlog
C:\Users\TEMEL\Documents\Visual Studio 2012\Projects\Oyun\Oyun\Debug\vc110.idb
C:\Users\TEMEL\Documents\Visual Studio 2012\Projects\Oyun\Oyun\Debug\vc110.pdb
C:\Users\TEMEL\Documents\Visual Studio 2012\Projects\Oyun\Debug\Oyun.pdb
C:\Users\TEMEL\Documents\Visual Studio 2012\Projects\Oyun\Debug\Oyun.exe
C:\Users\TEMEL\Documents\Visual Studio 2012\Projects\Oyun\Debug\Oyun.ilk
