Build started 8.09.2017 01:59:51.
     1>Project "C:\Users\TEMEL\Documents\GitHub\Oyun-master\Oyun\Oyun.vcxproj" on node 2 (Build target(s)).
     1>ClCompile:
         C:\Program Files (x86)\Microsoft Visual Studio 11.0\VC\bin\CL.exe /c /ZI /nologo /W3 /WX- /Od /Oy- /D _MBCS /Gm /EHsc /RTC1 /MDd /GS /fp:precise /Zc:wchar_t /Zc:forScope /Fo"Debug\\" /Fd"Debug\vc110.pdb" /Gd /TP /analyze- /errorReport:prompt Render.cpp
         Render.cpp
       Link:
         C:\Program Files (x86)\Microsoft Visual Studio 11.0\VC\bin\link.exe /ERRORREPORT:PROMPT /OUT:"C:\Users\TEMEL\Documents\GitHub\Oyun-master\Debug\My Final Project.exe" /INCREMENTAL /NOLOGO SDL2.lib SDL2main.lib SDL2_image.lib SDL2_ttf.lib SDL2_mixer.lib kernel32.lib user32.lib gdi32.lib winspool.lib comdlg32.lib advapi32.lib shell32.lib ole32.lib oleaut32.lib uuid.lib odbc32.lib odbccp32.lib /MANIFEST /MANIFESTUAC:"level='asInvoker' uiAccess='false'" /manifest:embed /DEBUG /PDB:"C:\Users\TEMEL\Documents\GitHub\Oyun-master\Debug\My Final Project.pdb" /SUBSYSTEM:CONSOLE /TLBID:1 /DYNAMICBASE /NXCOMPAT /IMPLIB:"C:\Users\TEMEL\Documents\GitHub\Oyun-master\Debug\My Final Project.lib" /MACHINE:X86 Debug\Enemy.obj
         Debug\Fonts.obj
         Debug\Events.obj
         Debug\Game.obj
         "Debug\Inventory.obj"
         "Debug\Items.obj"
         Debug\Main.obj
         Debug\Menu.obj
         Debug\NPC.obj
         Debug\Player.obj
         Debug\Render.obj
         Debug\Shader.obj
         Debug\Sounds.obj
         Debug\Texture.obj
         Debug\Timer.obj
         Debug\Window.obj
         Oyun.vcxproj -> C:\Users\TEMEL\Documents\GitHub\Oyun-master\Debug\My Final Project.exe
     1>Done Building Project "C:\Users\TEMEL\Documents\GitHub\Oyun-master\Oyun\Oyun.vcxproj" (Build target(s)).

Build succeeded.

Time Elapsed 00:00:04.93
